{"/home/a13marquez/repos/spotahome/src/components/room/Room.jsx": {"path":"/home/a13marquez/repos/spotahome/src/components/room/Room.jsx","statementMap":{"0":{"start":{"line":6,"column":20},"end":{"line":24,"column":1}},"1":{"start":{"line":7,"column":2},"end":{"line":23,"column":8}},"2":{"start":{"line":26,"column":0},"end":{"line":31,"column":1}}},"fnMap":{"0":{"name":"(anonymous_0)","decl":{"start":{"line":6,"column":20},"end":{"line":6,"column":21}},"loc":{"start":{"line":7,"column":2},"end":{"line":23,"column":8}},"line":7}},"branchMap":{},"s":{"0":1,"1":1,"2":1},"f":{"0":1},"b":{},"_coverageSchema":"43e27e138ebf9cfc5966b082cf9a028302ed4184","hash":"7d7c9c2af5cee7a94659dfa950e821de590898ec"}
}
